{
  "RSpec": {
    "coverage": {
      "/Users/delon/Projects/Business/dragnet/lib/dragnet.rb": {
        "lines": [
          null,
          null,
          1,
          1,
          1,
          null,
          1,
          1,
          1,
          1,
          1,
          1,
          1,
          1,
          null,
          1,
          1,
          1,
          1,
          1,
          null,
          1,
          null,
          null,
          1,
          1,
          1,
          1,
          1,
          null,
          null,
          1,
          1,
          null,
          null,
          1,
          1,
          null,
          1,
          1,
          1,
          null,
          null,
          null,
          null,
          1,
          0,
          null,
          null,
          null,
          null,
          null,
          1,
          0,
          null,
          null,
          null,
          null,
          null,
          null,
          1,
          0,
          null,
          null,
          null,
          null,
          null,
          1,
          0,
          null,
          null
        ]
      },
      "/Users/delon/Projects/Business/dragnet/lib/dragnet/constants.rb": {
        "lines": [
          1,
          1,
          1,
          1,
          1,
          null
        ]
      },
      "/Users/delon/Projects/Business/dragnet/lib/dragnet/predicates.rb": {
        "lines": [
          null,
          null,
          1,
          1,
          null,
          1,
          null,
          1,
          4,
          null,
          4,
          null,
          null
        ]
      },
      "/Users/delon/Projects/Business/dragnet/lib/dragnet/utils.rb": {
        "lines": [
          null,
          null,
          1,
          null,
          1,
          1,
          null,
          null,
          null,
          null,
          null,
          null,
          null,
          null,
          null,
          null,
          null,
          1,
          1489,
          1489,
          1489,
          1489,
          1489,
          null,
          1489,
          null,
          null,
          1,
          1,
          null,
          null,
          null,
          null,
          null,
          null,
          null,
          1,
          1092,
          null,
          null,
          null,
          null,
          null,
          null,
          null,
          1,
          null,
          0,
          null,
          null,
          null
        ]
      },
      "/Users/delon/Projects/Business/dragnet/lib/dragnet/time_utils.rb": {
        "lines": [
          null,
          null,
          1,
          1,
          1,
          null,
          null,
          null,
          null,
          1,
          14,
          14,
          14,
          14,
          null,
          14,
          null,
          null,
          null
        ]
      },
      "/Users/delon/Projects/Business/dragnet/lib/dragnet/stats_utils.rb": {
        "lines": [
          null,
          null,
          1,
          1,
          1,
          null,
          null,
          null,
          1,
          0,
          0,
          0,
          null,
          0,
          null,
          null,
          null,
          null,
          null,
          null,
          null,
          null,
          null,
          1,
          0,
          0,
          null,
          0,
          0,
          null,
          null,
          null,
          null
        ]
      },
      "/Users/delon/Projects/Business/dragnet/lib/dragnet/core_ext.rb": {
        "lines": [
          1,
          1,
          0,
          null,
          0,
          null,
          null,
          null,
          1,
          1,
          0,
          null,
          null,
          null,
          1,
          1,
          0,
          null,
          null,
          1,
          0,
          0,
          null,
          null,
          null
        ]
      },
      "/Users/delon/Projects/Business/dragnet/lib/dragnet/class_meta_data.rb": {
        "lines": [
          null,
          null,
          1,
          1,
          1,
          2,
          null,
          2,
          null,
          null,
          1,
          null,
          1,
          2,
          null,
          null,
          1,
          null,
          1,
          0,
          null,
          0,
          0,
          null,
          0,
          null,
          null,
          null,
          1,
          0,
          null,
          null,
          1,
          0,
          null,
          null,
          1,
          14,
          14,
          null,
          null,
          1,
          0,
          null,
          0,
          null,
          null,
          1,
          14,
          null,
          14,
          null,
          14,
          null,
          null,
          null
        ]
      },
      "/Users/delon/Projects/Business/dragnet/lib/dragnet/memoizable.rb": {
        "lines": [
          null,
          null,
          1,
          1,
          1,
          6,
          6,
          6,
          null,
          null,
          null,
          null
        ]
      },
      "/Users/delon/Projects/Business/dragnet/lib/dragnet/composed.rb": {
        "lines": [
          null,
          null,
          1,
          1,
          1,
          null,
          1,
          43,
          null,
          null,
          null
        ]
      },
      "/Users/delon/Projects/Business/dragnet/lib/dragnet/advising.rb": {
        "lines": [
          null,
          null,
          1,
          null,
          1,
          null,
          null,
          null,
          null,
          null,
          null,
          null,
          null,
          null,
          null,
          null,
          null,
          null,
          null,
          null,
          null,
          null,
          null,
          null,
          null,
          1,
          1,
          9,
          null,
          null,
          1,
          9,
          9,
          null,
          9,
          9,
          null,
          null,
          1,
          0,
          0,
          null,
          0,
          0,
          null,
          null,
          1,
          0,
          0,
          null,
          null,
          1,
          0,
          0,
          null,
          null,
          null,
          null,
          null,
          null,
          null,
          null,
          1,
          9,
          332,
          237,
          237,
          null,
          null,
          null,
          332,
          null,
          0,
          null,
          null,
          9,
          9,
          null,
          null,
          1,
          9,
          null,
          4,
          569,
          null,
          null,
          null,
          null,
          null,
          null,
          null,
          null,
          null,
          null,
          1,
          9,
          9,
          9,
          9,
          null,
          null,
          null
        ]
      },
      "/Users/delon/Projects/Business/dragnet/lib/dragnet/advising/point_cut.rb": {
        "lines": [
          null,
          null,
          1,
          1,
          1,
          1,
          null,
          1,
          null,
          9,
          null,
          null,
          1,
          9,
          9,
          null,
          9,
          null,
          null,
          null,
          null
        ]
      },
      "/Users/delon/Projects/Business/dragnet/lib/dragnet/advice.rb": {
        "lines": [
          null,
          null,
          1,
          1,
          1,
          null,
          1,
          1,
          1,
          null,
          1,
          null,
          null,
          1,
          0,
          null,
          null,
          1,
          0,
          null,
          null,
          1,
          0,
          null,
          0,
          0,
          null,
          0,
          null,
          0,
          0,
          0,
          null,
          null,
          0,
          0,
          0,
          null,
          null,
          0,
          null,
          null,
          null,
          1,
          1,
          1,
          1,
          null,
          1,
          0,
          null,
          null,
          338,
          null,
          null,
          1,
          null,
          1,
          null,
          1,
          null,
          null,
          1,
          null,
          1,
          null,
          1,
          130,
          0,
          null,
          null,
          130,
          0,
          null,
          null,
          130,
          null,
          130,
          0,
          null,
          null,
          null,
          null
        ]
      },
      "/Users/delon/Projects/Business/dragnet/lib/dragnet/policy.rb": {
        "lines": [
          null,
          null,
          1,
          1,
          1,
          1,
          1,
          null,
          null,
          null
        ]
      },
      "/Users/delon/Projects/Business/dragnet/lib/dragnet/query.rb": {
        "lines": [
          null,
          null,
          1,
          1,
          1,
          1,
          1,
          null,
          1,
          null,
          1,
          0,
          0,
          null,
          0,
          null,
          null,
          1,
          null,
          1,
          2,
          null,
          2,
          null,
          null,
          null,
          1,
          null,
          1,
          0,
          0,
          null,
          null,
          1,
          null,
          1,
          0,
          0,
          null,
          0,
          null,
          null,
          1,
          0,
          null,
          null,
          null
        ]
      },
      "/Users/delon/Projects/Business/dragnet/lib/dragnet/text_sentiment.rb": {
        "lines": [
          null,
          null,
          1,
          1,
          1,
          1,
          0,
          null,
          null,
          null,
          1,
          null,
          1,
          0,
          null,
          null,
          1,
          0,
          null,
          1,
          null,
          1,
          0,
          null,
          null,
          1,
          0,
          null,
          1,
          null,
          1,
          1,
          null,
          null
        ]
      },
      "/Users/delon/Projects/Business/dragnet/lib/dragnet/generator.rb": {
        "lines": [
          1,
          1,
          1,
          1,
          0,
          null,
          null,
          1,
          245,
          null,
          null,
          null,
          1,
          245,
          null,
          null,
          null
        ]
      },
      "/Users/delon/Projects/Business/dragnet/lib/dragnet/parameterized_generator.rb": {
        "lines": [
          1,
          1,
          1,
          1,
          0,
          null,
          null,
          1,
          1945,
          null,
          null,
          null,
          1,
          1802,
          null,
          null,
          null
        ]
      },
      "/Users/delon/Projects/Business/dragnet/lib/dragnet/generators.rb": {
        "lines": [
          null,
          null,
          1,
          1,
          1,
          1,
          1,
          1,
          1
        ]
      },
      "/Users/delon/Projects/Business/dragnet/lib/dragnet/generators/name.rb": {
        "lines": [
          1,
          1,
          1,
          1,
          151,
          null,
          null,
          null,
          null
        ]
      },
      "/Users/delon/Projects/Business/dragnet/lib/dragnet/generators/login.rb": {
        "lines": [
          null,
          null,
          1,
          1,
          null,
          1,
          1,
          143,
          null,
          143,
          null,
          null,
          1,
          268,
          null,
          null,
          1,
          268,
          null,
          null,
          1,
          1,
          null,
          null,
          null
        ]
      },
      "/Users/delon/Projects/Business/dragnet/lib/dragnet/generators/email.rb": {
        "lines": [
          null,
          null,
          1,
          1,
          null,
          null,
          null,
          null,
          1,
          1,
          null,
          1,
          143,
          null,
          143,
          143,
          143,
          null,
          null,
          1,
          0,
          null,
          null,
          1,
          125,
          null,
          null,
          1,
          125,
          null,
          null,
          1,
          1,
          null,
          null,
          null
        ]
      },
      "/Users/delon/Projects/Business/dragnet/lib/dragnet/generators/paragraph.rb": {
        "lines": [
          1,
          1,
          1,
          1,
          0,
          null,
          null,
          null,
          null
        ]
      },
      "/Users/delon/Projects/Business/dragnet/lib/dragnet/generators/short_answer.rb": {
        "lines": [
          1,
          1,
          1,
          1,
          88,
          null,
          null,
          null,
          null
        ]
      },
      "/Users/delon/Projects/Business/dragnet/lib/dragnet/generators/long_answer.rb": {
        "lines": [
          null,
          null,
          1,
          1,
          1,
          1,
          0,
          null,
          null,
          null,
          null
        ]
      },
      "/Users/delon/Projects/Business/dragnet/lib/dragnet/generators/request.rb": {
        "lines": [
          null,
          null,
          1,
          1,
          1,
          1,
          6,
          6,
          null,
          6,
          null,
          null,
          null,
          null
        ]
      },
      "/Users/delon/Projects/Business/dragnet/lib/dragnet/active_record_generator.rb": {
        "lines": [
          1,
          1,
          1,
          1,
          null,
          1,
          1,
          0,
          null,
          null,
          1,
          2551,
          null,
          null,
          1,
          1374,
          1374,
          null,
          7,
          null,
          null,
          1,
          100,
          null,
          null,
          1,
          3925,
          null,
          null,
          1,
          3925,
          null,
          null,
          null,
          1,
          null,
          1,
          3927,
          3927,
          null,
          null,
          1,
          2,
          null,
          2,
          null,
          null,
          null,
          1,
          3927,
          5,
          null,
          2,
          null,
          null,
          1,
          103,
          null,
          null,
          null
        ]
      },
      "/Users/delon/Projects/Business/dragnet/lib/dragnet/generation.rb": {
        "lines": [
          1,
          1,
          1,
          3927,
          null,
          null,
          1,
          3927,
          null,
          null,
          1,
          3927,
          null,
          null,
          1,
          null,
          null
        ]
      },
      "/Users/delon/Projects/Business/dragnet/lib/dragnet/view/presenter.rb": {
        "lines": [
          1,
          1,
          1,
          1,
          1,
          null,
          1,
          1,
          1,
          null,
          1,
          null,
          null,
          1,
          null,
          1,
          null,
          1,
          null,
          null,
          1,
          null,
          null,
          null,
          1,
          3,
          3,
          null,
          null,
          null,
          null
        ]
      },
      "/Users/delon/Projects/Business/dragnet/lib/dragnet/view/paged_presenter.rb": {
        "lines": [
          null,
          null,
          1,
          1,
          1,
          1,
          null,
          1,
          1,
          2,
          null,
          1,
          null,
          null,
          null,
          1,
          null,
          null,
          1,
          0,
          null,
          null,
          1,
          0,
          null,
          null,
          null,
          1,
          1,
          null,
          null,
          null,
          1,
          1,
          null,
          null,
          null,
          null
        ]
      },
      "/Users/delon/Projects/Business/dragnet/app/models/dragnet/user.rb": {
        "lines": [
          null,
          null,
          1,
          1,
          1,
          1,
          1,
          null,
          null,
          1,
          1,
          1,
          null,
          1,
          null,
          1,
          null,
          null,
          1,
          null,
          1,
          0,
          null,
          0,
          null,
          null,
          1,
          0,
          null,
          null,
          null
        ]
      },
      "/Users/delon/Projects/Business/dragnet/app/models/dragnet/application_record.rb": {
        "lines": [
          1,
          1,
          null,
          1,
          null,
          null,
          1,
          1,
          null,
          1,
          null,
          null
        ]
      },
      "/Users/delon/Projects/Business/dragnet/app/models/dragnet/workspace.rb": {
        "lines": [
          null,
          null,
          1,
          1,
          1,
          1,
          null,
          1,
          null,
          1,
          null,
          1,
          1,
          1,
          null,
          1,
          0,
          null,
          null,
          1,
          0,
          null,
          1,
          null,
          1,
          0,
          null,
          1,
          null,
          1,
          0,
          null,
          1,
          null,
          null
        ]
      },
      "/Users/delon/Projects/Business/dragnet/app/models/dragnet/workspace/recently_active_surveys.rb": {
        "lines": [
          null,
          null,
          1,
          1,
          1,
          1,
          null,
          null,
          null,
          null,
          null,
          null,
          null,
          null,
          null,
          null,
          null,
          null,
          null,
          null,
          null,
          null,
          null,
          null,
          null,
          null,
          null,
          null,
          null,
          null,
          null,
          null,
          null,
          null,
          null,
          null,
          null,
          1,
          1,
          null,
          null,
          null,
          1,
          0,
          null,
          null,
          null
        ]
      },
      "/Users/delon/Projects/Business/dragnet/app/models/dragnet/workspace/replies_by_date.rb": {
        "lines": [
          null,
          null,
          1,
          1,
          1,
          null,
          1,
          1,
          null,
          1,
          0,
          null,
          null,
          null,
          0,
          null,
          null,
          null
        ]
      },
      "/Users/delon/Projects/Business/dragnet/app/models/dragnet/workspace/replies_by_survey_and_date.rb": {
        "lines": [
          null,
          null,
          1,
          1,
          1,
          null,
          null,
          null,
          null,
          null,
          null,
          null,
          null,
          null,
          null,
          null,
          null,
          null,
          null,
          1,
          1,
          null,
          null,
          null,
          null,
          1,
          0,
          0,
          null,
          0,
          0,
          0,
          null,
          null,
          null
        ]
      },
      "/Users/delon/Projects/Business/dragnet/app/helpers/application_helper.rb": {
        "lines": [
          null,
          null,
          null,
          1,
          1,
          null,
          null,
          null,
          null,
          null,
          null,
          null,
          null,
          1,
          0,
          0,
          0,
          null,
          0,
          0,
          0,
          0,
          null,
          null,
          null,
          null,
          null,
          1,
          null,
          null,
          null,
          null,
          null,
          1,
          0,
          null,
          0,
          0,
          0,
          null,
          null,
          null,
          1,
          0,
          null,
          0,
          0,
          0,
          0,
          null,
          0,
          null,
          null,
          null,
          null,
          null,
          1,
          0,
          null,
          null,
          null,
          null,
          null,
          1,
          0,
          null,
          null,
          1,
          0,
          0,
          null,
          0,
          null,
          null,
          1,
          0,
          0,
          0,
          null,
          0,
          null,
          null,
          1,
          0,
          null,
          null,
          1,
          0,
          null,
          null,
          1,
          0,
          null,
          0,
          null,
          null,
          1,
          0,
          null,
          null
        ]
      },
      "/Users/delon/Projects/Business/dragnet/app/helpers/bootstrap5_helper.rb": {
        "lines": [
          null,
          null,
          1,
          1,
          0,
          null,
          0,
          0,
          0,
          null,
          null,
          0,
          0,
          0,
          null,
          null,
          0,
          0,
          0,
          null,
          0,
          null,
          null,
          null,
          null
        ]
      },
      "/Users/delon/Projects/Business/dragnet/app/helpers/data_grid_helper.rb": {
        "lines": [
          null,
          null,
          1,
          null,
          null,
          null,
          null,
          null,
          null,
          1,
          0,
          0,
          0,
          0,
          null,
          0,
          0,
          null,
          0,
          0,
          null,
          null,
          null,
          null,
          null,
          null,
          null,
          null,
          null,
          1,
          0,
          0,
          0,
          0,
          null,
          0,
          null,
          null,
          null,
          1,
          0,
          null,
          null,
          null,
          null,
          null,
          null,
          null,
          1,
          0,
          null,
          null,
          null,
          null,
          null,
          null,
          null,
          null,
          null,
          1,
          0,
          0,
          null,
          null,
          null,
          null,
          null,
          null,
          null,
          null,
          1,
          0,
          0,
          null,
          null,
          1,
          0,
          null,
          null,
          1,
          0,
          null,
          null
        ]
      },
      "/Users/delon/Projects/Business/dragnet/app/helpers/form_helper.rb": {
        "lines": [
          null,
          null,
          1,
          1,
          null,
          1,
          0,
          0,
          null,
          null,
          null,
          null
        ]
      },
      "/Users/delon/Projects/Business/dragnet/app/helpers/form_submission_helper.rb": {
        "lines": [
          null,
          null,
          1,
          1,
          null,
          null,
          null,
          null,
          null,
          null,
          null,
          null,
          null,
          null,
          null,
          null,
          null,
          1,
          null,
          0,
          null,
          null
        ]
      },
      "/Users/delon/Projects/Business/dragnet/app/helpers/htmx_helper.rb": {
        "lines": [
          null,
          null,
          1,
          1,
          1,
          null,
          null,
          1,
          1,
          null,
          1,
          null,
          1,
          0,
          0,
          null,
          0,
          0,
          0,
          null,
          0,
          null,
          null,
          1,
          0,
          0,
          null,
          0,
          0,
          0,
          null,
          null,
          0,
          null,
          null
        ]
      },
      "/Users/delon/Projects/Business/dragnet/app/helpers/qr_code_helper.rb": {
        "lines": [
          null,
          null,
          1,
          null,
          null,
          null,
          null,
          null,
          null,
          null,
          1,
          0,
          null,
          0,
          null,
          0,
          null,
          0,
          null,
          0,
          null,
          0,
          null,
          null,
          null,
          null,
          null,
          1,
          0,
          null,
          null,
          1,
          null,
          null,
          null,
          1,
          null,
          null,
          null,
          1,
          0,
          0,
          null,
          0,
          null,
          null
        ]
      },
      "/Users/delon/Projects/Business/dragnet/app/helpers/stats_helper.rb": {
        "lines": [
          null,
          null,
          1,
          1,
          0,
          0,
          null,
          0,
          null,
          null,
          null,
          null,
          null,
          null,
          1,
          0,
          0,
          0,
          0,
          null,
          null,
          null,
          null,
          null,
          null,
          null,
          null,
          null,
          null,
          null,
          1,
          0,
          null,
          0,
          null,
          null,
          null,
          null,
          null,
          null,
          null,
          null,
          1,
          0,
          null,
          0,
          null,
          null
        ]
      },
      "/Users/delon/Projects/Business/dragnet/app/helpers/time_helper.rb": {
        "lines": [
          null,
          null,
          1,
          1,
          0,
          null,
          0,
          null,
          null,
          1,
          0,
          null,
          0,
          null,
          null,
          1,
          0,
          null,
          0,
          null,
          null
        ]
      },
      "/Users/delon/Projects/Business/dragnet/app/helpers/url_helper.rb": {
        "lines": [
          null,
          null,
          1,
          1,
          0,
          0,
          0,
          null,
          null,
          0,
          0,
          0,
          null,
          0,
          null,
          null,
          null,
          null,
          1,
          0,
          0,
          0,
          null,
          null,
          0,
          0,
          0,
          null,
          0,
          null,
          null,
          null,
          null
        ]
      },
      "/Users/delon/Projects/Business/dragnet/app/helpers/workspace_helper.rb": {
        "lines": [
          null,
          null,
          1,
          null,
          1,
          null,
          0,
          null,
          null,
          null,
          null,
          null,
          null,
          0,
          0,
          0,
          null,
          null,
          null,
          null,
          1,
          0,
          null,
          null,
          null,
          null,
          0,
          null,
          null,
          1,
          null,
          1,
          0,
          null,
          0,
          null,
          null,
          null,
          1,
          0,
          null,
          0,
          0,
          0,
          null,
          null,
          0,
          0,
          0,
          null,
          null,
          null,
          null,
          1,
          null,
          1,
          0,
          0,
          null,
          null,
          null,
          null,
          null,
          null,
          null,
          1,
          0,
          null,
          null,
          null,
          null,
          null,
          null,
          null,
          null,
          null,
          null,
          null,
          1,
          0,
          0,
          null,
          null,
          null,
          null,
          null,
          null,
          null,
          1,
          0,
          null,
          null,
          1,
          0,
          null,
          null,
          1,
          0,
          null,
          null,
          1,
          0,
          0,
          null,
          0,
          0,
          null,
          null,
          null,
          0,
          null,
          null,
          null,
          1,
          0,
          0,
          null,
          0,
          null,
          null,
          1,
          0,
          0,
          null,
          0,
          null,
          null,
          1,
          0,
          null,
          0,
          0,
          0,
          0,
          null,
          0,
          null,
          null,
          null,
          null,
          1,
          null,
          null,
          null,
          null,
          1,
          null,
          1,
          0,
          0,
          null,
          0,
          null,
          null,
          1,
          0,
          0,
          0,
          null,
          null,
          null
        ]
      },
      "/Users/delon/Projects/Business/dragnet/app/models/dragnet/retractable.rb": {
        "lines": [
          null,
          null,
          1,
          1,
          1,
          null,
          1,
          1,
          2,
          3,
          null,
          null,
          null,
          1,
          33,
          null,
          null,
          null,
          null,
          null,
          null,
          null,
          null,
          1,
          26,
          26,
          null,
          26,
          9,
          14,
          null,
          null,
          null,
          26,
          null,
          null,
          null,
          null,
          null,
          1,
          0,
          null,
          null,
          null,
          null,
          null,
          null,
          null,
          1,
          0,
          null,
          null,
          null
        ]
      },
      "/Users/delon/Projects/Business/dragnet/app/models/dragnet/self_describable.rb": {
        "lines": [
          null,
          null,
          1,
          1,
          1,
          null,
          1,
          3,
          null,
          null,
          1,
          1050,
          null,
          null,
          1,
          68,
          null,
          null,
          null
        ]
      },
      "/Users/delon/Projects/Business/dragnet/app/models/dragnet/answer.rb": {
        "lines": [
          null,
          null,
          1,
          1,
          1,
          null,
          1,
          1,
          1,
          1,
          null,
          94,
          null,
          null,
          1,
          1,
          null,
          1,
          1,
          1,
          1,
          325,
          null,
          null,
          1,
          325,
          null,
          null,
          null,
          1,
          1,
          null,
          1,
          390,
          null,
          null,
          1,
          26,
          null,
          null,
          1,
          0,
          null,
          null,
          1,
          0,
          null,
          null,
          null
        ]
      },
      "/Users/delon/Projects/Business/dragnet/app/models/dragnet/data_grid.rb": {
        "lines": [
          null,
          null,
          1,
          null,
          1,
          1,
          1,
          null,
          null,
          1,
          1,
          1,
          null,
          1,
          null,
          null,
          1,
          1,
          null,
          2,
          null,
          1,
          2,
          2,
          null,
          1,
          null,
          null,
          1,
          3,
          null,
          1,
          null,
          1,
          0,
          null,
          null,
          null,
          1,
          null,
          3,
          null,
          null,
          null,
          null,
          null,
          null
        ]
      },
      "/Users/delon/Projects/Business/dragnet/app/models/dragnet/data_grid/query_relation.rb": {
        "lines": [
          null,
          null,
          1,
          1,
          1,
          1,
          1,
          null,
          1,
          1,
          null,
          1,
          null,
          1,
          2,
          2,
          2,
          null,
          2,
          null,
          null,
          null,
          null,
          null,
          null,
          1,
          2,
          null,
          1,
          null,
          null,
          1,
          2,
          null,
          1,
          null,
          1,
          null,
          1,
          null,
          1,
          0,
          null,
          null,
          1,
          0,
          0,
          null,
          null,
          null,
          1,
          0,
          0,
          null,
          null,
          1,
          null,
          1,
          0,
          0,
          null,
          null,
          null,
          1,
          0,
          null,
          null,
          1,
          2,
          2,
          null,
          0,
          0,
          0,
          null,
          null,
          null,
          1,
          0,
          0,
          null,
          0,
          0,
          0,
          null,
          null,
          null,
          null,
          null,
          1,
          2,
          null,
          0,
          0,
          0,
          0,
          0,
          0,
          0,
          null,
          0,
          null,
          null,
          null,
          null,
          1,
          0,
          null,
          null,
          null,
          null,
          1,
          0,
          null,
          null,
          null,
          null
        ]
      },
      "/Users/delon/Projects/Business/dragnet/app/models/dragnet/data_grid/query.rb": {
        "lines": [
          null,
          null,
          1,
          1,
          1,
          1,
          null,
          1,
          null,
          1,
          0,
          null,
          null,
          1,
          null,
          1,
          1,
          1,
          null,
          1,
          12,
          12,
          12,
          12,
          null,
          null,
          1,
          1,
          null,
          null,
          1,
          4,
          null,
          1,
          null,
          1,
          6,
          null,
          1,
          null,
          1,
          2,
          null,
          null,
          1,
          2,
          1,
          null,
          null,
          null,
          null,
          1,
          4,
          null,
          1,
          null,
          null,
          1,
          0,
          null,
          0,
          null,
          null,
          1,
          0,
          null,
          null,
          1,
          0,
          null,
          null,
          1,
          0,
          null,
          null,
          null
        ]
      },
      "/Users/delon/Projects/Business/dragnet/app/models/dragnet/meta_data.rb": {
        "lines": [
          null,
          null,
          1,
          null,
          1,
          1,
          1,
          null,
          1,
          323,
          323,
          null,
          null,
          1,
          0,
          null,
          1,
          null,
          1,
          484,
          null,
          null,
          1,
          11,
          null,
          null,
          1,
          988,
          null,
          6,
          null,
          1,
          null,
          1,
          6,
          null,
          null,
          1,
          3,
          null,
          1,
          null,
          1,
          0,
          null,
          null,
          1,
          0,
          null,
          null,
          1,
          0,
          null,
          null,
          1,
          71,
          null,
          71,
          6,
          6,
          null,
          null,
          71,
          null,
          1,
          null,
          1,
          0,
          null,
          0,
          0,
          0,
          0,
          0,
          null,
          null,
          0,
          null,
          null,
          1,
          null,
          1,
          329,
          null,
          329,
          329,
          null,
          49,
          null,
          null,
          1,
          495,
          null,
          null,
          null
        ]
      },
      "/Users/delon/Projects/Business/dragnet/app/models/dragnet/question.rb": {
        "lines": [
          null,
          null,
          1,
          1,
          1,
          1,
          null,
          1,
          null,
          1,
          null,
          1,
          1,
          1,
          null,
          1,
          1,
          null,
          2,
          null,
          1,
          1108,
          1108,
          null,
          null,
          1,
          0,
          null,
          null,
          null,
          1,
          0,
          null,
          null,
          1,
          242,
          null,
          1,
          null,
          null
        ]
      },
      "/Users/delon/Projects/Business/dragnet/app/models/dragnet/question_type.rb": {
        "lines": [
          null,
          null,
          1,
          1,
          1,
          null,
          1,
          1,
          null,
          1,
          1,
          146,
          null,
          null,
          1,
          3,
          null,
          1,
          null,
          1,
          0,
          null,
          null,
          1,
          0,
          null,
          null,
          1,
          0,
          null,
          null,
          1,
          1659,
          null,
          null,
          1,
          0,
          null,
          null,
          1,
          741,
          null,
          null,
          1,
          741,
          null,
          null,
          null
        ]
      },
      "/Users/delon/Projects/Business/dragnet/app/models/dragnet/reply.rb": {
        "lines": [
          null,
          null,
          1,
          1,
          1,
          null,
          1,
          1,
          null,
          1,
          null,
          1,
          1,
          null,
          1,
          16,
          null,
          1,
          null,
          null,
          1,
          1,
          null,
          1,
          15,
          null,
          null,
          null,
          1,
          91,
          null,
          1,
          2,
          null,
          null,
          1,
          1,
          null,
          null,
          null,
          1,
          1,
          1,
          1,
          74,
          74,
          null,
          null,
          null,
          1,
          90,
          null,
          null,
          1,
          7,
          null,
          null,
          null,
          null,
          null,
          null,
          null,
          1,
          6,
          6,
          6,
          null,
          null,
          null,
          null,
          null,
          null,
          null,
          null,
          1,
          6,
          6,
          6,
          6,
          null,
          null,
          null
        ]
      },
      "/Users/delon/Projects/Business/dragnet/app/models/dragnet/reply_submission_policy.rb": {
        "lines": [
          1,
          1,
          1,
          null,
          1,
          26,
          26,
          16,
          16,
          null,
          10,
          null,
          null,
          null,
          null,
          null,
          null,
          1,
          26,
          null,
          1,
          null,
          null,
          null,
          null,
          1,
          12,
          null,
          1,
          1,
          null,
          null
        ]
      },
      "/Users/delon/Projects/Business/dragnet/app/models/dragnet/reply/answers_cache.rb": {
        "lines": [
          null,
          null,
          1,
          1,
          1,
          null,
          1,
          80,
          null,
          null,
          1,
          4,
          0,
          null,
          null,
          1,
          null,
          1,
          null,
          null,
          null,
          null,
          null,
          1,
          null,
          1,
          4,
          0,
          0,
          null,
          0,
          null,
          0,
          null,
          0,
          null,
          0,
          null,
          null,
          null,
          null,
          null,
          1,
          4,
          null,
          3,
          null,
          null,
          1,
          9,
          null,
          null,
          1,
          92,
          null,
          null,
          1,
          92,
          null,
          null,
          null,
          null,
          null,
          null,
          null,
          null,
          null,
          null,
          null,
          null,
          null,
          null,
          null,
          null,
          null,
          null,
          null,
          null,
          null,
          null,
          null,
          null,
          null,
          null,
          null,
          null,
          null,
          null,
          null,
          null,
          null,
          null,
          null,
          null
        ]
      },
      "/Users/delon/Projects/Business/dragnet/app/models/dragnet/reply_tracker.rb": {
        "lines": [
          null,
          null,
          1,
          1,
          1,
          null,
          null,
          null,
          null,
          null,
          null,
          1,
          1,
          null,
          null,
          1,
          1,
          null,
          null,
          1,
          20,
          1,
          null,
          null,
          null,
          1,
          null,
          null,
          1,
          10,
          null,
          null,
          null,
          null,
          1,
          1,
          null,
          null,
          null,
          null,
          1,
          3,
          null,
          null,
          null,
          null,
          1,
          2,
          null,
          null,
          null,
          null,
          1,
          2,
          null,
          null,
          null,
          null,
          null,
          1,
          10,
          10,
          null,
          null,
          null
        ]
      },
      "/Users/delon/Projects/Business/dragnet/app/models/dragnet/survey.rb": {
        "lines": [
          null,
          null,
          1,
          1,
          1,
          1,
          1,
          null,
          1,
          null,
          1,
          null,
          null,
          1,
          210,
          null,
          null,
          268,
          1,
          null,
          null,
          9,
          null,
          null,
          1,
          1,
          null,
          null,
          1,
          1,
          1,
          1,
          null,
          1,
          10,
          null,
          null,
          1,
          11,
          null,
          null,
          1,
          4,
          null,
          null,
          null,
          1,
          null,
          null,
          1,
          13,
          210,
          null,
          1,
          0,
          null,
          null,
          1,
          9,
          null,
          null,
          null,
          1,
          1,
          1,
          null,
          1,
          0,
          null,
          null,
          null,
          1,
          0,
          0,
          null,
          0,
          null,
          null,
          null,
          1,
          null,
          null,
          1,
          null,
          null,
          1,
          1,
          1,
          1,
          null,
          1,
          14,
          14,
          null,
          null,
          1,
          12,
          null,
          null,
          1,
          9,
          9,
          null,
          null,
          1,
          7,
          null,
          null,
          null
        ]
      },
      "/Users/delon/Projects/Business/dragnet/app/models/dragnet/uniquely_identifiable.rb": {
        "lines": [
          null,
          null,
          1,
          1,
          1,
          null,
          1,
          null,
          1,
          1,
          10,
          null,
          null,
          null,
          1,
          10,
          null,
          null,
          null
        ]
      },
      "/Users/delon/Projects/Business/dragnet/app/models/dragnet/survey/submission_parameters.rb": {
        "lines": [
          null,
          null,
          1,
          1,
          1,
          null,
          1,
          7,
          null,
          null,
          1,
          6,
          6,
          null,
          null,
          6,
          null,
          57,
          null,
          null,
          null,
          null,
          null,
          null,
          null,
          null,
          null,
          1,
          null,
          1,
          6,
          54,
          null,
          null,
          6,
          null,
          null,
          null
        ]
      },
      "/Users/delon/Projects/Business/dragnet/app/models/dragnet/survey/record_change_management.rb": {
        "lines": [
          null,
          null,
          1,
          null,
          1,
          1,
          null,
          1,
          209,
          null,
          null,
          null,
          null,
          null,
          null,
          1,
          0,
          null,
          null,
          null,
          null,
          null,
          null,
          null,
          1,
          0,
          null,
          null,
          1,
          0,
          0,
          0,
          0,
          null,
          null,
          0,
          null,
          null,
          1,
          0,
          0,
          0,
          0,
          null,
          null,
          null,
          null,
          null
        ]
      },
      "/Users/delon/Projects/Business/dragnet/app/models/dragnet/survey/copy.rb": {
        "lines": [
          1,
          1,
          1,
          0,
          null,
          null,
          1,
          3,
          3,
          3,
          3,
          44,
          44,
          153,
          null,
          null,
          null,
          null,
          null,
          null
        ]
      },
      "/Users/delon/Projects/Business/dragnet/app/models/dragnet/survey/editing_status.rb": {
        "lines": [
          1,
          1,
          1,
          210,
          null,
          null,
          1,
          128,
          null,
          null,
          1,
          7,
          null,
          0,
          0,
          null,
          0,
          null,
          null,
          null,
          null
        ]
      },
      "/Users/delon/Projects/Business/dragnet/app/models/dragnet/survey_edit.rb": {
        "lines": [
          null,
          null,
          1,
          null,
          1,
          1,
          null,
          1,
          8,
          null,
          1,
          3,
          null,
          null,
          1,
          3,
          null,
          null,
          1,
          4,
          null,
          null,
          1,
          2,
          null,
          null,
          1,
          8,
          null,
          null,
          null,
          null,
          1,
          11,
          null,
          11,
          11,
          11,
          null,
          null,
          null,
          null,
          1,
          3,
          2,
          null,
          null,
          null,
          null,
          null,
          null,
          null,
          1,
          0,
          null,
          0,
          null,
          null,
          null,
          null,
          null,
          null,
          null,
          1,
          1,
          1,
          0,
          0,
          0,
          0,
          null,
          null,
          null,
          1,
          null,
          null,
          1,
          1,
          null,
          1,
          1,
          null,
          null,
          null,
          1,
          0,
          0,
          0,
          null,
          null,
          1,
          0,
          null,
          null,
          1,
          4,
          null,
          null,
          null,
          1,
          4,
          null,
          null,
          null
        ]
      },
      "/Users/delon/Projects/Business/dragnet/app/presenters/dragnet/data_grid_presenter.rb": {
        "lines": [
          null,
          null,
          null,
          1,
          1,
          1,
          null,
          1,
          1,
          1,
          1,
          1,
          null,
          null,
          1,
          0,
          null,
          1,
          null,
          1,
          0,
          null,
          null,
          null,
          null,
          null,
          null,
          null,
          null,
          null,
          null,
          null,
          null,
          null,
          null,
          null,
          null,
          0,
          null,
          null,
          null,
          null,
          null,
          null,
          null,
          1,
          1,
          null,
          1,
          null,
          1,
          0,
          null,
          1,
          null,
          1,
          1,
          null,
          1,
          null,
          1,
          2,
          null,
          null,
          1,
          3,
          null,
          null,
          null,
          null,
          null,
          1,
          null,
          1,
          0,
          null,
          null,
          null,
          null,
          null,
          1,
          1,
          null
        ]
      },
      "/Users/delon/Projects/Business/dragnet/app/generators/dragnet/survey_generator.rb": {
        "lines": [
          null,
          null,
          null,
          null,
          null,
          1,
          1,
          null,
          null,
          null,
          null,
          1,
          103,
          103,
          1149,
          null,
          null,
          null,
          null,
          1,
          null,
          null,
          null,
          null,
          1,
          103,
          103,
          103,
          null,
          null,
          1,
          null,
          103,
          null,
          null,
          null,
          null,
          null,
          null,
          null,
          null,
          1,
          1149,
          null,
          null,
          null,
          null,
          null,
          null,
          null,
          null,
          null,
          1,
          103,
          103,
          null,
          103,
          103,
          null,
          103,
          null,
          null
        ]
      },
      "/Users/delon/Projects/Business/dragnet/app/generators/dragnet/user_generator.rb": {
        "lines": [
          null,
          null,
          null,
          1,
          1,
          143,
          143,
          143,
          143,
          143,
          null,
          143,
          null,
          null
        ]
      },
      "/Users/delon/Projects/Business/dragnet/app/generators/dragnet/question_generator.rb": {
        "lines": [
          null,
          1,
          1,
          1155,
          1155,
          1155,
          1155,
          1155,
          null,
          1155,
          null,
          256,
          256,
          920,
          null,
          null,
          209,
          null,
          null,
          null,
          null
        ]
      },
      "/Users/delon/Projects/Business/dragnet/app/generators/dragnet/question_text.rb": {
        "lines": [
          1,
          1,
          1155,
          1155,
          1155,
          1155,
          1155,
          null,
          null,
          1,
          1155,
          1155,
          2798,
          null,
          1155,
          1155,
          null,
          null,
          1,
          null,
          null,
          3750,
          204,
          0,
          0,
          0,
          0,
          0,
          0,
          0,
          0,
          0,
          0,
          0,
          0,
          null,
          1,
          null,
          1,
          3953,
          null,
          3953,
          188,
          188,
          188,
          0,
          0,
          null,
          null,
          null,
          3953,
          null,
          null
        ]
      },
      "/Users/delon/Projects/Business/dragnet/app/generators/dragnet/question_type_generator.rb": {
        "lines": [
          null,
          null,
          1,
          1,
          null,
          1,
          1156,
          1156,
          null,
          0,
          null,
          null
        ]
      },
      "/Users/delon/Projects/Business/dragnet/app/models/dragnet/question_option.rb": {
        "lines": [
          1,
          1,
          1,
          null,
          1,
          null,
          1,
          0,
          null,
          null,
          null
        ]
      },
      "/Users/delon/Projects/Business/dragnet/app/generators/dragnet/question_option_generator.rb": {
        "lines": [
          1,
          1,
          920,
          920,
          920,
          920,
          null,
          920,
          null,
          null
        ]
      },
      "/Users/delon/Projects/Business/dragnet/app/models/dragnet/survey/name.rb": {
        "lines": [
          1,
          1,
          1,
          209,
          209,
          209,
          null,
          null,
          1,
          209,
          null,
          null,
          1,
          189,
          null,
          null,
          null
        ]
      },
      "/Users/delon/Projects/Business/dragnet/app/models/dragnet/unique_name.rb": {
        "lines": [
          null,
          null,
          1,
          1,
          1,
          209,
          209,
          209,
          null,
          null,
          1,
          127,
          null,
          127,
          null,
          null,
          1,
          147,
          null,
          40,
          null,
          1,
          null,
          1,
          40,
          40,
          null,
          null,
          1,
          565,
          null,
          null,
          1,
          null,
          1,
          0,
          null,
          0,
          null,
          null,
          1,
          525,
          null,
          null,
          1,
          485,
          null,
          null,
          1,
          485,
          null,
          null,
          1,
          525,
          525,
          525,
          525,
          null,
          525,
          null,
          null,
          1,
          525,
          null,
          null,
          null
        ]
      },
      "/Users/delon/Projects/Business/dragnet/app/generators/dragnet/reply_generator.rb": {
        "lines": [
          null,
          null,
          1,
          1,
          76,
          null,
          76,
          152,
          152,
          138,
          76,
          76,
          null,
          76,
          null,
          null,
          null,
          1,
          null,
          1,
          76,
          739,
          null,
          361,
          null,
          null,
          null
        ]
      },
      "/Users/delon/Projects/Business/dragnet/app/models/ahoy/visit.rb": {
        "lines": [
          null,
          null,
          1,
          1,
          null,
          1,
          null,
          1,
          1,
          null,
          26,
          null
        ]
      },
      "/Users/delon/Projects/Business/dragnet/app/generators/dragnet/answer_generator.rb": {
        "lines": [
          null,
          null,
          1,
          1,
          362,
          362,
          362,
          null,
          null,
          362,
          362,
          362,
          null,
          null,
          null
        ]
      },
      "/Users/delon/Projects/Business/dragnet/app/generators/dragnet/answer_value.rb": {
        "lines": [
          null,
          null,
          1,
          1,
          null,
          1,
          437,
          437,
          null,
          null,
          1,
          437,
          null,
          88,
          null,
          67,
          null,
          127,
          null,
          58,
          null,
          97,
          null,
          0,
          null,
          null,
          null
        ]
      },
      "/Users/delon/Projects/Business/dragnet/app/models/dragnet/type.rb": {
        "lines": [
          1,
          1,
          null,
          1,
          null,
          1,
          null,
          1,
          741,
          null,
          null,
          1,
          0,
          null,
          null,
          1,
          0,
          null,
          null,
          1,
          null,
          null,
          null,
          1,
          0,
          null,
          null,
          1,
          0,
          null,
          null,
          null,
          null,
          null,
          1,
          0,
          null,
          null,
          null,
          null,
          1,
          0,
          null,
          null,
          null,
          null,
          null,
          1,
          0,
          null,
          null,
          1,
          null,
          1,
          0,
          null,
          null,
          null,
          null,
          null,
          null,
          1,
          0,
          null,
          null,
          1,
          0,
          null,
          null,
          1,
          0,
          null,
          null,
          1,
          0,
          null,
          null,
          1,
          0,
          null,
          null,
          1,
          0,
          null,
          null,
          null
        ]
      },
      "/Users/delon/Projects/Business/dragnet/app/models/dragnet/type/number.rb": {
        "lines": [
          null,
          null,
          1,
          1,
          1,
          0,
          0,
          null,
          0,
          null,
          null,
          null,
          1,
          0,
          0,
          null,
          0,
          null,
          null,
          null,
          1,
          0,
          0,
          null,
          null,
          0,
          null,
          null,
          null,
          null,
          0,
          null,
          null,
          1,
          0,
          0,
          null,
          0,
          null,
          null,
          null,
          1,
          124,
          null,
          124,
          null,
          null,
          1,
          7,
          0,
          null,
          7,
          null,
          null,
          null,
          1,
          null,
          null
        ]
      },
      "/Users/delon/Projects/Business/dragnet/app/models/dragnet/question/settings.rb": {
        "lines": [
          null,
          null,
          1,
          1,
          1,
          242,
          null,
          null,
          1,
          0,
          null,
          null,
          1,
          255,
          null,
          null,
          1,
          0,
          null,
          null,
          1,
          0,
          null,
          null,
          1,
          49,
          null,
          null,
          1,
          49,
          null,
          null,
          1,
          0,
          null,
          null,
          1,
          131,
          null,
          null,
          1,
          484,
          null,
          null,
          1,
          484,
          484,
          null,
          11,
          null,
          null,
          null
        ]
      },
      "/Users/delon/Projects/Business/dragnet/app/models/dragnet/type/boolean.rb": {
        "lines": [
          null,
          null,
          1,
          1,
          1,
          0,
          null,
          null,
          1,
          0,
          null,
          null,
          1,
          85,
          null,
          null,
          1,
          2,
          null,
          null,
          null
        ]
      },
      "/Users/delon/Projects/Business/dragnet/app/models/dragnet/type/time.rb": {
        "lines": [
          null,
          null,
          1,
          1,
          1,
          0,
          0,
          null,
          null,
          null,
          0,
          0,
          null,
          0,
          null,
          null,
          null,
          null,
          1,
          0,
          0,
          null,
          0,
          null,
          null,
          null,
          1,
          49,
          49,
          null,
          null,
          1,
          1,
          1,
          1,
          null,
          1,
          0,
          null,
          null,
          1,
          null,
          1,
          null,
          null,
          1,
          0,
          null,
          null,
          null
        ]
      },
      "/Users/delon/Projects/Business/dragnet/app/models/dragnet/type/text.rb": {
        "lines": [
          null,
          null,
          1,
          1,
          1,
          0,
          0,
          null,
          0,
          null,
          null,
          null,
          1,
          0,
          0,
          null,
          0,
          null,
          null,
          null,
          1,
          70,
          null,
          0,
          null,
          null,
          1,
          0,
          null,
          null,
          0,
          null,
          null,
          null,
          null,
          0,
          null,
          null,
          1,
          0,
          null,
          null,
          1,
          81,
          0,
          null,
          81,
          null,
          null,
          null,
          1,
          16,
          null,
          16,
          null,
          null,
          null
        ]
      },
      "/Users/delon/Projects/Business/dragnet/app/generators/dragnet/question_option_answer.rb": {
        "lines": [
          1,
          1,
          null,
          1,
          null,
          1,
          67,
          null,
          67,
          null,
          null,
          1,
          67,
          null,
          null,
          1,
          67,
          null,
          67,
          null,
          null,
          null
        ]
      },
      "/Users/delon/Projects/Business/dragnet/app/models/dragnet/type/choice.rb": {
        "lines": [
          null,
          null,
          1,
          1,
          1,
          0,
          null,
          null,
          1,
          0,
          null,
          null,
          1,
          0,
          null,
          null,
          0,
          null,
          null,
          null,
          null,
          null,
          0,
          null,
          null,
          1,
          0,
          0,
          null,
          0,
          null,
          null,
          1,
          51,
          null,
          null,
          1,
          0,
          null,
          null,
          1,
          0,
          null,
          null,
          null
        ]
      },
      "/Users/delon/Projects/Business/dragnet/app/generators/ahoy/visit_generator.rb": {
        "lines": [
          null,
          null,
          1,
          1,
          1,
          6,
          12,
          12,
          6,
          6,
          6,
          null,
          null,
          null,
          1,
          null,
          1,
          6,
          null,
          null,
          1,
          12,
          null,
          null,
          null
        ]
      },
      "/Users/delon/Projects/Business/dragnet/app/models/ahoy/event.rb": {
        "lines": [
          null,
          null,
          1,
          1,
          null,
          1,
          null,
          1,
          1,
          null,
          1,
          1,
          1,
          null,
          1,
          9,
          null
        ]
      },
      "/Users/delon/Projects/Business/dragnet/app/models/dragnet/survey/attribute_projection.rb": {
        "lines": [
          1,
          null,
          null,
          null,
          null,
          null,
          1,
          1,
          7,
          null,
          null,
          null,
          1,
          7,
          7,
          null,
          null,
          1,
          null,
          null,
          1,
          7,
          63,
          63,
          50,
          173,
          null,
          null,
          null,
          null,
          null,
          null,
          null,
          1,
          7,
          null,
          null,
          null,
          null,
          null,
          1,
          63,
          63,
          null,
          null,
          null,
          null,
          null,
          null,
          1,
          173,
          173,
          null,
          null,
          null,
          null
        ]
      },
      "/Users/delon/Projects/Business/dragnet/app/models/dragnet/survey/data_projection.rb": {
        "lines": [
          null,
          null,
          1,
          null,
          null,
          null,
          null,
          null,
          1,
          1,
          9,
          null,
          null,
          1,
          9,
          9,
          null,
          9,
          63,
          173,
          null,
          null,
          63,
          null,
          null,
          9,
          null,
          1,
          null,
          1,
          null,
          1,
          9,
          null,
          null,
          null,
          null,
          null,
          null,
          null,
          null,
          null,
          null,
          null,
          null,
          null,
          null,
          null,
          null,
          null,
          null,
          null,
          null,
          null,
          null,
          null
        ]
      },
      "/Users/delon/Projects/Business/dragnet/app/generators/dragnet/survey_edit_generator.rb": {
        "lines": [
          null,
          1,
          1,
          8,
          4,
          null,
          4,
          null,
          null
        ]
      },
      "/Users/delon/Projects/Business/dragnet/app/controllers/replies_controller.rb": {
        "lines": [
          null,
          null,
          1,
          1,
          null,
          1,
          2,
          null,
          null,
          1,
          3,
          null,
          null,
          1,
          5,
          null,
          null,
          1,
          2,
          null,
          null,
          1,
          1,
          1,
          null,
          null,
          1,
          2,
          1,
          1,
          null,
          1,
          null,
          null,
          null,
          1,
          2,
          1,
          1,
          null,
          1,
          null,
          null,
          null,
          1,
          1,
          null,
          null,
          1,
          1,
          null,
          null,
          1,
          null,
          1,
          5,
          null,
          null,
          1,
          3,
          null,
          null,
          1,
          3,
          null,
          null,
          1,
          27,
          null,
          null,
          1,
          10,
          null,
          null,
          1,
          4,
          null,
          null
        ]
      },
      "/Users/delon/Projects/Business/dragnet/app/controllers/application_controller.rb": {
        "lines": [
          1,
          1,
          null
        ]
      },
      "/Users/delon/Projects/Business/dragnet/app/controllers/submission_request_controller.rb": {
        "lines": [
          null,
          null,
          null,
          1,
          1,
          null,
          1,
          null,
          1,
          5,
          null,
          null,
          1,
          1,
          1,
          null,
          0,
          null,
          null,
          null,
          1,
          1,
          null,
          null,
          1,
          1,
          null,
          null,
          1,
          null,
          1,
          10,
          2,
          8,
          2,
          null,
          null,
          null,
          1,
          8,
          1,
          null,
          7,
          null,
          null,
          null,
          1,
          10,
          null,
          null,
          1,
          8,
          null,
          null,
          1,
          8,
          null,
          null,
          1,
          19,
          null,
          null,
          1,
          38,
          null,
          null,
          1,
          1,
          null,
          null
        ]
      },
      "/Users/delon/Projects/Business/dragnet/app/controllers/authenticated.rb": {
        "lines": [
          null,
          null,
          0,
          0,
          null,
          0,
          0,
          0,
          0,
          0
        ],
        "branches": {
        }
      },
      "/Users/delon/Projects/Business/dragnet/app/controllers/data_grid_controller.rb": {
        "lines": [
          null,
          null,
          0,
          0,
          null,
          0,
          null,
          0,
          0,
          0,
          0,
          0,
          0,
          0,
          0,
          null,
          0,
          0,
          0,
          null,
          0,
          0,
          0,
          null,
          0,
          null,
          0,
          0,
          0,
          0,
          0,
          null,
          0,
          0,
          0,
          null,
          0,
          0,
          0,
          null,
          0,
          0,
          0,
          null,
          0,
          0,
          0,
          0
        ],
        "branches": {
        }
      },
      "/Users/delon/Projects/Business/dragnet/app/controllers/endpoint_controller.rb": {
        "lines": [
          null,
          0,
          0,
          0,
          null,
          0,
          null,
          0,
          0,
          0,
          0,
          0,
          null,
          0,
          0,
          0,
          0
        ],
        "branches": {
        }
      },
      "/Users/delon/Projects/Business/dragnet/app/controllers/record_changes_controller.rb": {
        "lines": [
          null,
          null,
          0,
          0,
          0,
          null,
          0,
          0,
          0,
          0,
          null,
          0,
          null,
          0,
          0,
          0,
          0
        ],
        "branches": {
        }
      },
      "/Users/delon/Projects/Business/dragnet/app/controllers/reply_submission_controller.rb": {
        "lines": [
          null,
          null,
          null,
          0,
          0,
          null,
          null,
          0,
          0,
          0,
          0,
          0,
          0,
          0,
          null,
          0,
          0,
          0,
          0,
          0,
          0,
          0,
          null,
          0,
          0,
          0,
          0,
          0,
          0,
          0,
          null,
          0,
          null,
          0,
          0,
          0,
          null,
          0,
          0,
          0,
          null,
          0,
          0,
          0,
          null,
          0,
          0,
          0,
          null,
          0,
          0,
          0,
          null,
          0,
          0,
          0,
          null,
          0,
          0,
          0,
          null,
          0,
          0,
          0,
          0,
          0,
          0
        ],
        "branches": {
        }
      },
      "/Users/delon/Projects/Business/dragnet/app/controllers/reports_controller.rb": {
        "lines": [
          null,
          null,
          0,
          0,
          null,
          0,
          0,
          0,
          0,
          0
        ],
        "branches": {
        }
      },
      "/Users/delon/Projects/Business/dragnet/app/controllers/stats_controller.rb": {
        "lines": [
          null,
          null,
          null,
          0,
          0,
          null,
          0,
          null,
          0,
          0,
          null,
          0,
          0,
          null,
          0,
          null,
          0,
          0,
          null,
          0,
          0,
          null,
          0,
          0,
          null,
          0,
          0,
          0,
          0,
          0,
          0
        ],
        "branches": {
        }
      },
      "/Users/delon/Projects/Business/dragnet/app/controllers/survey_editor_controller.rb": {
        "lines": [
          null,
          null,
          0,
          null,
          0,
          0,
          0,
          0,
          0,
          null,
          null,
          0,
          0,
          null,
          0,
          0,
          0,
          0,
          null,
          null,
          0,
          0,
          0,
          null,
          0,
          0,
          0,
          0,
          0,
          0,
          0,
          0,
          0,
          0,
          null,
          0,
          null,
          0,
          0,
          0,
          0,
          0,
          null,
          0,
          0,
          0,
          null,
          0,
          0,
          0,
          null,
          0,
          0,
          0,
          0
        ],
        "branches": {
        }
      },
      "/Users/delon/Projects/Business/dragnet/app/controllers/surveys_controller.rb": {
        "lines": [
          null,
          null,
          0,
          0,
          0,
          null,
          0,
          null,
          0,
          null,
          0,
          0,
          null,
          0,
          0,
          null,
          0,
          0,
          null,
          0,
          0,
          null,
          0,
          0,
          0,
          null,
          0,
          0,
          null,
          0,
          0,
          null,
          0,
          0,
          null,
          0,
          0,
          null,
          0,
          0,
          0,
          null,
          0,
          0,
          0,
          null,
          0,
          0,
          null,
          0,
          0,
          null,
          0,
          0,
          null,
          0,
          0,
          null,
          0,
          0,
          0,
          null,
          0,
          0,
          0,
          0,
          0,
          0,
          0,
          null,
          0,
          null,
          0,
          0,
          0,
          null,
          0,
          0,
          0,
          null,
          0,
          0,
          0,
          0,
          0,
          0,
          0,
          0
        ],
        "branches": {
        }
      },
      "/Users/delon/Projects/Business/dragnet/app/controllers/workspace_controller.rb": {
        "lines": [
          null,
          null,
          0,
          0,
          null,
          0,
          0,
          null,
          0,
          0,
          null,
          0,
          0,
          null,
          0,
          0,
          0
        ],
        "branches": {
        }
      },
      "/Users/delon/Projects/Business/dragnet/app/generators/ahoy/event_generator.rb": {
        "lines": [
          null,
          null,
          0,
          0,
          0,
          0,
          0,
          0,
          null,
          0,
          0,
          0,
          0,
          0,
          0,
          0,
          0
        ],
        "branches": {
        }
      },
      "/Users/delon/Projects/Business/dragnet/app/helpers/dragnet/type/boolean_view.rb": {
        "lines": [
          null,
          null,
          0,
          0,
          0,
          0,
          null,
          0,
          0,
          0,
          0,
          0,
          0,
          0,
          0,
          0,
          0,
          0,
          null,
          0,
          0,
          0,
          0,
          0,
          0,
          0,
          0,
          0,
          0,
          0,
          0,
          0,
          0,
          0,
          0,
          0
        ],
        "branches": {
        }
      },
      "/Users/delon/Projects/Business/dragnet/app/helpers/dragnet/type/choice_view.rb": {
        "lines": [
          null,
          null,
          0,
          0,
          0,
          0,
          0,
          0,
          0,
          0,
          0,
          0,
          0,
          0,
          0,
          0,
          0,
          0,
          0,
          0,
          0,
          0
        ],
        "branches": {
        }
      },
      "/Users/delon/Projects/Business/dragnet/app/helpers/dragnet/type/number_view.rb": {
        "lines": [
          null,
          null,
          0,
          0,
          0,
          0,
          0,
          0,
          0,
          0,
          0,
          0,
          0,
          0,
          0,
          0,
          0,
          0,
          0,
          0
        ],
        "branches": {
        }
      },
      "/Users/delon/Projects/Business/dragnet/app/helpers/dragnet/type/time_view.rb": {
        "lines": [
          null,
          null,
          0,
          0,
          0,
          0,
          null,
          0,
          0,
          0,
          0,
          0,
          0,
          0,
          0,
          0,
          0,
          0,
          0,
          null,
          null,
          0,
          0,
          0,
          0,
          0,
          0,
          0,
          0,
          0,
          0,
          0,
          0,
          0,
          0,
          0
        ],
        "branches": {
        }
      },
      "/Users/delon/Projects/Business/dragnet/app/helpers/dragnet/type/view.rb": {
        "lines": [
          null,
          null,
          0,
          null,
          null,
          0,
          0,
          0,
          null,
          0,
          null,
          0,
          0,
          null,
          0,
          0,
          0,
          null,
          0,
          0,
          null,
          0,
          0,
          0,
          0,
          null,
          0,
          0,
          null,
          0,
          0,
          0,
          null,
          0,
          0,
          0,
          0,
          0,
          0,
          0,
          0,
          null,
          0,
          0,
          0,
          0,
          0,
          0,
          0,
          0,
          0,
          0,
          0,
          0,
          0,
          0,
          null,
          0,
          null,
          0,
          0,
          0,
          null,
          0,
          0,
          0,
          0,
          0
        ],
        "branches": {
        }
      },
      "/Users/delon/Projects/Business/dragnet/app/helpers/htmx_helper/button_to_options.rb": {
        "lines": [
          null,
          null,
          0,
          null,
          0,
          0,
          null,
          0,
          0,
          0,
          0,
          null,
          0,
          null,
          0,
          0,
          0,
          0,
          0,
          0,
          0,
          0,
          null,
          null,
          0,
          0,
          0,
          null,
          0,
          0,
          0,
          0,
          null,
          null,
          0,
          null,
          null,
          0
        ],
        "branches": {
        }
      },
      "/Users/delon/Projects/Business/dragnet/app/models/dragnet/answer/evaluation_error.rb": {
        "lines": [
          null,
          null,
          0
        ],
        "branches": {
        }
      },
      "/Users/delon/Projects/Business/dragnet/app/models/dragnet/record_change/trigger_execution.rb": {
        "lines": [
          null,
          null,
          0,
          0,
          0,
          0,
          null,
          0,
          0,
          0,
          0,
          0,
          0,
          0,
          0
        ],
        "branches": {
        }
      },
      "/Users/delon/Projects/Business/dragnet/app/models/dragnet/record_change.rb": {
        "lines": [
          null,
          null,
          0,
          0,
          0,
          null,
          0,
          0,
          null,
          0,
          0,
          null,
          null,
          0,
          0,
          0,
          null,
          null,
          0,
          0,
          0,
          0,
          null,
          0,
          0,
          0,
          0,
          0,
          null,
          null,
          null,
          null,
          0,
          0,
          0,
          0,
          0,
          0,
          null,
          null,
          null,
          null,
          0,
          0,
          0,
          0,
          null,
          0,
          0,
          0,
          null,
          null,
          null,
          null,
          null,
          null,
          0,
          0,
          0,
          0,
          null,
          0,
          0,
          0,
          null,
          0,
          0,
          0,
          0,
          0,
          null,
          0,
          0,
          0,
          0,
          0,
          0,
          0,
          0
        ],
        "branches": {
        }
      },
      "/Users/delon/Projects/Business/dragnet/app/models/dragnet/report.rb": {
        "lines": [
          null,
          null,
          0,
          0,
          0,
          null,
          0,
          null,
          0,
          0,
          0,
          null,
          0,
          0,
          0,
          null,
          0,
          null,
          0,
          0,
          0,
          null,
          0,
          0,
          0,
          0,
          0,
          0,
          0,
          0,
          0
        ],
        "branches": {
        }
      },
      "/Users/delon/Projects/Business/dragnet/app/models/dragnet/saved_report.rb": {
        "lines": [
          null,
          null,
          0,
          0,
          0,
          null,
          0,
          0,
          0
        ],
        "branches": {
        }
      },
      "/Users/delon/Projects/Business/dragnet/app/models/dragnet/stats_report/constants.rb": {
        "lines": [
          null,
          null,
          0,
          0,
          0,
          0,
          0,
          0,
          0,
          0,
          0,
          0,
          0,
          0,
          0,
          0,
          0,
          null,
          0,
          0,
          0,
          0,
          0,
          0,
          0,
          0,
          0,
          0,
          0,
          0,
          0,
          0,
          0,
          0,
          0,
          0,
          0,
          0,
          0,
          0,
          0,
          0,
          0,
          0,
          null,
          0,
          0,
          0,
          0,
          0,
          0,
          0,
          0,
          0,
          0,
          0
        ],
        "branches": {
        }
      },
      "/Users/delon/Projects/Business/dragnet/app/models/dragnet/stats_report.rb": {
        "lines": [
          null,
          null,
          0,
          null,
          0,
          0,
          null,
          0,
          null,
          0,
          null,
          null,
          0,
          0,
          0,
          null,
          null,
          0,
          0,
          0,
          null,
          null,
          0,
          0,
          0,
          null,
          null,
          0,
          0,
          0,
          null,
          null,
          0,
          0,
          0,
          null,
          null,
          null,
          0,
          0,
          null,
          0,
          0,
          null,
          null,
          0,
          0,
          0,
          0,
          0,
          0,
          null,
          null,
          0,
          0,
          null,
          0,
          0,
          0,
          0,
          null,
          null,
          0,
          0,
          null,
          0,
          0,
          0,
          0,
          null,
          null,
          0,
          0,
          null,
          0,
          0,
          0,
          0,
          null,
          null,
          null,
          null,
          0,
          0,
          0,
          null,
          null,
          null,
          null,
          0,
          0,
          0,
          0,
          0
        ],
        "branches": {
        }
      },
      "/Users/delon/Projects/Business/dragnet/app/models/dragnet/survey_edit/application_validator.rb": {
        "lines": [
          null,
          null,
          0,
          0,
          0,
          0,
          0,
          0,
          0,
          0,
          0
        ],
        "branches": {
        }
      },
      "/Users/delon/Projects/Business/dragnet/app/models/dragnet/trigger_execution.rb": {
        "lines": [
          null,
          null,
          0,
          0,
          0,
          0,
          0,
          0
        ],
        "branches": {
        }
      },
      "/Users/delon/Projects/Business/dragnet/app/models/dragnet/trigger_registration.rb": {
        "lines": [
          null,
          null,
          0,
          0,
          0,
          0,
          null,
          0,
          0,
          0,
          0,
          0
        ],
        "branches": {
        }
      },
      "/Users/delon/Projects/Business/dragnet/app/models/dragnet/triggers/asynchronous_trigger.rb": {
        "lines": [
          null,
          null,
          0,
          0,
          0,
          0,
          null,
          0,
          0,
          0,
          0,
          0,
          0,
          0,
          0,
          0,
          0,
          null,
          0,
          null,
          0,
          0,
          0,
          0,
          0,
          0
        ],
        "branches": {
        }
      },
      "/Users/delon/Projects/Business/dragnet/app/models/dragnet/triggers/base.rb": {
        "lines": [
          null,
          null,
          0,
          0,
          0,
          0,
          null,
          null,
          null,
          null,
          0,
          0,
          0,
          0,
          0,
          null,
          0,
          0,
          0,
          0,
          0,
          0
        ],
        "branches": {
        }
      },
      "/Users/delon/Projects/Business/dragnet/app/models/dragnet/triggers/synchronous_trigger.rb": {
        "lines": [
          null,
          null,
          0,
          0,
          0,
          0,
          0,
          0,
          0,
          0,
          0,
          0,
          0,
          0,
          0,
          0,
          0,
          0,
          0,
          0
        ],
        "branches": {
        }
      },
      "/Users/delon/Projects/Business/dragnet/app/models/dragnet/triggers/user_defined_trigger.rb": {
        "lines": [
          null,
          null,
          0,
          0,
          0,
          0,
          null,
          0,
          0,
          0,
          0
        ],
        "branches": {
        }
      },
      "/Users/delon/Projects/Business/dragnet/app/presenters/dragnet/overview_presenter.rb": {
        "lines": [
          null,
          null,
          0,
          0,
          null,
          0,
          null,
          0,
          null,
          0,
          0,
          null,
          0,
          0,
          0
        ],
        "branches": {
        }
      },
      "/Users/delon/Projects/Business/dragnet/app/presenters/dragnet/question_types_presenter.rb": {
        "lines": [
          null,
          null,
          0,
          0,
          null,
          0,
          0,
          null,
          0,
          0,
          0,
          0,
          0
        ],
        "branches": {
        }
      },
      "/Users/delon/Projects/Business/dragnet/app/presenters/dragnet/reply_submission_presenter.rb": {
        "lines": [
          null,
          null,
          null,
          0,
          0,
          null,
          0,
          0,
          0,
          0
        ],
        "branches": {
        }
      },
      "/Users/delon/Projects/Business/dragnet/app/presenters/dragnet/survey_editing_presenter.rb": {
        "lines": [
          null,
          null,
          null,
          0,
          0,
          null,
          0,
          0,
          0,
          0,
          0,
          0,
          0,
          0,
          null,
          0,
          0,
          0,
          null,
          0,
          0,
          null,
          0,
          0,
          null,
          0,
          0,
          null,
          0,
          0,
          0,
          0,
          0
        ],
        "branches": {
        }
      },
      "/Users/delon/Projects/Business/dragnet/app/presenters/dragnet/survey_listing_presenter.rb": {
        "lines": [
          null,
          null,
          0,
          0,
          0,
          null,
          0,
          null,
          0,
          0,
          null,
          null,
          0,
          0,
          null,
          null,
          null,
          null,
          null,
          null,
          0,
          null,
          0,
          0,
          null,
          0,
          0,
          0,
          0
        ],
        "branches": {
        }
      },
      "/Users/delon/Projects/Business/dragnet/app/presenters/dragnet/survey_presenter.rb": {
        "lines": [
          null,
          null,
          0,
          0,
          null,
          0,
          null,
          0,
          0,
          0,
          null,
          0,
          0,
          0,
          null,
          0,
          0,
          0,
          null,
          0,
          0,
          0,
          null,
          0,
          0,
          0,
          null,
          0,
          0,
          0,
          null,
          0,
          0,
          0,
          null,
          0,
          0,
          0,
          null,
          0,
          0,
          0,
          0,
          0
        ],
        "branches": {
        }
      },
      "/Users/delon/Projects/Business/dragnet/lib/dragnet/console_methods.rb": {
        "lines": [
          null,
          null,
          0,
          0,
          0,
          0,
          0,
          null,
          0,
          0,
          0,
          null,
          0,
          0,
          null,
          0,
          0,
          null,
          0,
          0,
          0,
          0,
          0,
          0
        ],
        "branches": {
        }
      }
    },
    "timestamp": 1728677796
  }
}
